build/app/intermediates/manifest_merge_blame_file/release/manifest-merger-blame-release-report.txt
1<?xml version="1.0" encoding="utf-8"?>
2<manifest xmlns:android="http://schemas.android.com/apk/res/android"
3    package="com.mia.smartgate"
4    android:versionCode="2"
5    android:versionName="1.0.0" >
6
7    <uses-sdk
8        android:minSdkVersion="22"
8-->src/main/AndroidManifest.xml
9        android:targetSdkVersion="33" />
9-->src/main/AndroidManifest.xml
10
11    <uses-permission android:name="android.permission.ACCESS_WIFI_STATE" />
11-->src/main/AndroidManifest.xml:59:5-76
11-->src/main/AndroidManifest.xml:59:22-73
12    <uses-permission android:name="android.permission.RECORD_AUDIO" />
12-->src/main/AndroidManifest.xml:60:5-71
12-->src/main/AndroidManifest.xml:60:22-68
13    <uses-permission android:name="android.permission.INTERNET" />
13-->src/main/AndroidManifest.xml:61:5-67
13-->src/main/AndroidManifest.xml:61:22-64
14    <uses-permission android:name="android.permission.ACCESS_NETWORK_STATE" />
14-->src/main/AndroidManifest.xml:62:5-79
14-->src/main/AndroidManifest.xml:62:22-76
15    <uses-permission android:name="android.permission.CAMERA" />
15-->src/main/AndroidManifest.xml:63:5-65
15-->src/main/AndroidManifest.xml:63:22-62
16    <uses-permission android:name="android.permission.BLUETOOTH" />
16-->src/main/AndroidManifest.xml:64:5-68
16-->src/main/AndroidManifest.xml:64:22-65
17    <uses-permission android:name="android.permission.MODIFY_AUDIO_SETTINGS" />
17-->src/main/AndroidManifest.xml:65:5-80
17-->src/main/AndroidManifest.xml:65:22-77
18    <uses-permission android:name="android.permission.WRITE_EXTERNAL_STORAGE" />
18-->src/main/AndroidManifest.xml:66:5-81
18-->src/main/AndroidManifest.xml:66:22-78
19    <uses-permission android:name="android.permission.READ_PHONE_STATE" />
19-->src/main/AndroidManifest.xml:67:5-75
19-->src/main/AndroidManifest.xml:67:22-72
20    <uses-permission android:name="android.permission.WAKE_LOCK" />
20-->src/main/AndroidManifest.xml:68:5-68
20-->src/main/AndroidManifest.xml:68:22-65
21    <!-- only invitation -->
22    <uses-permission android:name="android.permission.VIBRATE" />
22-->src/main/AndroidManifest.xml:70:5-65
22-->src/main/AndroidManifest.xml:70:22-63
23    <uses-permission android:name="android.permission.RECEIVE_BOOT_COMPLETED" />
23-->src/main/AndroidManifest.xml:72:5-80
23-->src/main/AndroidManifest.xml:72:22-78
24    <uses-permission android:name="android.permission.WAKE_LOCK" />
24-->src/main/AndroidManifest.xml:68:5-68
24-->src/main/AndroidManifest.xml:68:22-65
25    <!-- For apps with targetSDK=31 (Android 12) -->
26    <uses-permission android:name="android.permission.SCHEDULE_EXACT_ALARM" />
26-->src/main/AndroidManifest.xml:75:5-78
26-->src/main/AndroidManifest.xml:75:22-76
27    <!-- Permissions options for the `notification` group -->
28    <uses-permission android:name="android.permission.POST_NOTIFICATIONS" />
28-->[:firebase_messaging] AndroidManifest.xml:13:5-77
28-->[:firebase_messaging] AndroidManifest.xml:13:22-74
29    <uses-permission android:name="android.permission.USE_FULL_SCREEN_INTENT" /> <!-- Required by older versions of Google Play services to create IID tokens -->
29-->[:flutter_local_notifications] AndroidManifest.xml:11:5-81
29-->[:flutter_local_notifications] AndroidManifest.xml:11:22-78
30    <uses-permission android:name="com.google.android.c2dm.permission.RECEIVE" />
30-->[com.google.firebase:firebase-messaging:23.2.1] AndroidManifest.xml:26:5-82
30-->[com.google.firebase:firebase-messaging:23.2.1] AndroidManifest.xml:26:22-79
31    <uses-permission android:name="com.google.android.gms.permission.AD_ID" />
31-->[com.google.android.gms:play-services-measurement-api:21.3.0] AndroidManifest.xml:25:5-79
31-->[com.google.android.gms:play-services-measurement-api:21.3.0] AndroidManifest.xml:25:22-76
32    <uses-permission android:name="com.google.android.finsky.permission.BIND_GET_INSTALL_REFERRER_SERVICE" />
32-->[com.google.android.gms:play-services-measurement:21.3.0] AndroidManifest.xml:26:5-110
32-->[com.google.android.gms:play-services-measurement:21.3.0] AndroidManifest.xml:26:22-107
33
34    <permission
34-->[androidx.core:core:1.10.1] AndroidManifest.xml:22:5-24:47
35        android:name="com.mia.smartgate.DYNAMIC_RECEIVER_NOT_EXPORTED_PERMISSION"
35-->[androidx.core:core:1.10.1] AndroidManifest.xml:23:9-81
36        android:protectionLevel="signature" />
36-->[androidx.core:core:1.10.1] AndroidManifest.xml:24:9-44
37
38    <uses-permission android:name="com.mia.smartgate.DYNAMIC_RECEIVER_NOT_EXPORTED_PERMISSION" />
38-->[androidx.core:core:1.10.1] AndroidManifest.xml:26:5-97
38-->[androidx.core:core:1.10.1] AndroidManifest.xml:26:22-94
39
40    <application
41        android:name="android.app.Application"
41-->src/main/AndroidManifest.xml:5:9-42
42        android:appComponentFactory="androidx.core.app.CoreComponentFactory"
42-->[androidx.core:core:1.10.1] AndroidManifest.xml:28:18-86
43        android:icon="@mipmap/ic_launcher"
43-->src/main/AndroidManifest.xml:7:9-43
44        android:label="Smart Gate"
44-->src/main/AndroidManifest.xml:4:9-35
45        android:usesCleartextTraffic="true" >
45-->src/main/AndroidManifest.xml:6:9-44
46        <activity
46-->src/main/AndroidManifest.xml:8:9-29:20
47            android:name="com.mia.smartgate.MainActivity"
47-->src/main/AndroidManifest.xml:9:13-41
48            android:configChanges="orientation|keyboardHidden|keyboard|screenSize|smallestScreenSize|locale|layoutDirection|fontScale|screenLayout|density|uiMode"
48-->src/main/AndroidManifest.xml:13:13-163
49            android:exported="true"
49-->src/main/AndroidManifest.xml:10:13-36
50            android:hardwareAccelerated="true"
50-->src/main/AndroidManifest.xml:14:13-47
51            android:launchMode="singleTop"
51-->src/main/AndroidManifest.xml:11:13-43
52            android:theme="@style/LaunchTheme"
52-->src/main/AndroidManifest.xml:12:13-47
53            android:windowSoftInputMode="adjustResize" >
53-->src/main/AndroidManifest.xml:15:13-55
54
55            <!--
56                 Specifies an Android theme to apply to this Activity as soon as
57                 the Android process has started. This theme is visible to the user
58                 while the Flutter UI initializes. After that, this theme continues
59                 to determine the Window background behind the Flutter UI.
60            -->
61            <meta-data
61-->src/main/AndroidManifest.xml:20:13-23:17
62                android:name="io.flutter.embedding.android.NormalTheme"
62-->src/main/AndroidManifest.xml:21:15-70
63                android:resource="@style/NormalTheme" />
63-->src/main/AndroidManifest.xml:22:15-52
64
65            <intent-filter>
65-->src/main/AndroidManifest.xml:25:13-28:29
66                <action android:name="android.intent.action.MAIN" />
66-->src/main/AndroidManifest.xml:26:17-68
66-->src/main/AndroidManifest.xml:26:25-66
67
68                <category android:name="android.intent.category.LAUNCHER" />
68-->src/main/AndroidManifest.xml:27:17-76
68-->src/main/AndroidManifest.xml:27:27-74
69            </intent-filter>
70        </activity>
71
72        <meta-data
72-->src/main/AndroidManifest.xml:31:8-33:54
73            android:name="com.google.firebase.messaging.default_notification_channel_id"
73-->src/main/AndroidManifest.xml:32:12-88
74            android:value="high_importance_channel" />
74-->src/main/AndroidManifest.xml:33:12-51
75        <!--
76             Don't delete the meta-data below.
77             This is used by the Flutter tool to generate GeneratedPluginRegistrant.java
78        -->
79        <meta-data
79-->src/main/AndroidManifest.xml:36:8-38:33
80            android:name="flutterEmbedding"
80-->src/main/AndroidManifest.xml:37:13-44
81            android:value="2" />
81-->src/main/AndroidManifest.xml:38:13-30
82
83        <service
83-->src/main/AndroidManifest.xml:39:8-42:38
84            android:name="dev.fluttercommunity.plus.androidalarmmanager.AlarmService"
84-->src/main/AndroidManifest.xml:40:12-85
85            android:exported="false"
85-->src/main/AndroidManifest.xml:42:12-36
86            android:permission="android.permission.BIND_JOB_SERVICE" />
86-->src/main/AndroidManifest.xml:41:12-68
87
88        <receiver
88-->src/main/AndroidManifest.xml:43:8-45:38
89            android:name="dev.fluttercommunity.plus.androidalarmmanager.AlarmBroadcastReceiver"
89-->src/main/AndroidManifest.xml:44:12-95
90            android:exported="false" />
90-->src/main/AndroidManifest.xml:45:12-36
91        <receiver
91-->src/main/AndroidManifest.xml:46:8-53:19
92            android:name="dev.fluttercommunity.plus.androidalarmmanager.RebootBroadcastReceiver"
92-->src/main/AndroidManifest.xml:47:12-96
93            android:enabled="false"
93-->src/main/AndroidManifest.xml:48:12-35
94            android:exported="false" >
94-->src/main/AndroidManifest.xml:49:12-36
95            <intent-filter>
95-->src/main/AndroidManifest.xml:50:12-52:28
96                <action android:name="android.intent.action.BOOT_COMPLETED" />
96-->src/main/AndroidManifest.xml:51:16-78
96-->src/main/AndroidManifest.xml:51:24-75
97            </intent-filter>
98        </receiver>
99
100        <service
100-->[:cloud_firestore] AndroidManifest.xml:10:9-14:19
101            android:name="com.google.firebase.components.ComponentDiscoveryService"
101-->[:cloud_firestore] AndroidManifest.xml:10:18-89
102            android:directBootAware="true"
102-->[com.google.firebase:firebase-common:20.3.3] AndroidManifest.xml:34:13-43
103            android:exported="false" >
103-->[com.google.firebase:firebase-auth:22.1.2] AndroidManifest.xml:68:13-37
104            <meta-data
104-->[:cloud_firestore] AndroidManifest.xml:11:13-13:85
105                android:name="com.google.firebase.components:io.flutter.plugins.firebase.firestore.FlutterFirebaseFirestoreRegistrar"
105-->[:cloud_firestore] AndroidManifest.xml:12:17-134
106                android:value="com.google.firebase.components.ComponentRegistrar" />
106-->[:cloud_firestore] AndroidManifest.xml:13:17-82
107            <meta-data
107-->[:firebase_analytics] AndroidManifest.xml:15:13-17:85
108                android:name="com.google.firebase.components:io.flutter.plugins.firebase.analytics.FlutterFirebaseAppRegistrar"
108-->[:firebase_analytics] AndroidManifest.xml:16:17-128
109                android:value="com.google.firebase.components.ComponentRegistrar" />
109-->[:firebase_analytics] AndroidManifest.xml:17:17-82
110            <meta-data
110-->[:firebase_auth] AndroidManifest.xml:11:13-13:85
111                android:name="com.google.firebase.components:io.flutter.plugins.firebase.auth.FlutterFirebaseAuthRegistrar"
111-->[:firebase_auth] AndroidManifest.xml:12:17-124
112                android:value="com.google.firebase.components.ComponentRegistrar" />
112-->[:firebase_auth] AndroidManifest.xml:13:17-82
113            <meta-data
113-->[:firebase_storage] AndroidManifest.xml:11:13-13:85
114                android:name="com.google.firebase.components:io.flutter.plugins.firebase.storage.FlutterFirebaseAppRegistrar"
114-->[:firebase_storage] AndroidManifest.xml:12:17-126
115                android:value="com.google.firebase.components.ComponentRegistrar" />
115-->[:firebase_storage] AndroidManifest.xml:13:17-82
116            <meta-data
116-->[:firebase_messaging] AndroidManifest.xml:38:13-40:85
117                android:name="com.google.firebase.components:io.flutter.plugins.firebase.messaging.FlutterFirebaseAppRegistrar"
117-->[:firebase_messaging] AndroidManifest.xml:39:17-128
118                android:value="com.google.firebase.components.ComponentRegistrar" />
118-->[:firebase_messaging] AndroidManifest.xml:40:17-82
119            <meta-data
119-->[:firebase_core] AndroidManifest.xml:11:13-13:85
120                android:name="com.google.firebase.components:io.flutter.plugins.firebase.core.FlutterFirebaseCoreRegistrar"
120-->[:firebase_core] AndroidManifest.xml:12:17-124
121                android:value="com.google.firebase.components.ComponentRegistrar" />
121-->[:firebase_core] AndroidManifest.xml:13:17-82
122            <meta-data
122-->[com.google.firebase:firebase-auth:22.1.2] AndroidManifest.xml:69:13-71:85
123                android:name="com.google.firebase.components:com.google.firebase.auth.FirebaseAuthRegistrar"
123-->[com.google.firebase:firebase-auth:22.1.2] AndroidManifest.xml:70:17-109
124                android:value="com.google.firebase.components.ComponentRegistrar" />
124-->[com.google.firebase:firebase-auth:22.1.2] AndroidManifest.xml:71:17-82
125            <meta-data
125-->[com.google.firebase:firebase-firestore:24.8.1] AndroidManifest.xml:17:13-19:85
126                android:name="com.google.firebase.components:com.google.firebase.firestore.FirestoreRegistrar"
126-->[com.google.firebase:firebase-firestore:24.8.1] AndroidManifest.xml:18:17-111
127                android:value="com.google.firebase.components.ComponentRegistrar" />
127-->[com.google.firebase:firebase-firestore:24.8.1] AndroidManifest.xml:19:17-82
128            <meta-data
128-->[com.google.firebase:firebase-messaging:23.2.1] AndroidManifest.xml:53:13-55:85
129                android:name="com.google.firebase.components:com.google.firebase.messaging.FirebaseMessagingRegistrar"
129-->[com.google.firebase:firebase-messaging:23.2.1] AndroidManifest.xml:54:17-119
130                android:value="com.google.firebase.components.ComponentRegistrar" />
130-->[com.google.firebase:firebase-messaging:23.2.1] AndroidManifest.xml:55:17-82
131            <meta-data
131-->[com.google.firebase:firebase-storage:20.2.1] AndroidManifest.xml:32:13-34:85
132                android:name="com.google.firebase.components:com.google.firebase.storage.StorageRegistrar"
132-->[com.google.firebase:firebase-storage:20.2.1] AndroidManifest.xml:33:17-107
133                android:value="com.google.firebase.components.ComponentRegistrar" />
133-->[com.google.firebase:firebase-storage:20.2.1] AndroidManifest.xml:34:17-82
134            <meta-data
134-->[com.google.firebase:firebase-iid:21.1.0] AndroidManifest.xml:32:13-34:85
135                android:name="com.google.firebase.components:com.google.firebase.iid.Registrar"
135-->[com.google.firebase:firebase-iid:21.1.0] AndroidManifest.xml:33:17-96
136                android:value="com.google.firebase.components.ComponentRegistrar" />
136-->[com.google.firebase:firebase-iid:21.1.0] AndroidManifest.xml:34:17-82
137            <meta-data
137-->[com.google.android.gms:play-services-measurement-api:21.3.0] AndroidManifest.xml:31:13-33:85
138                android:name="com.google.firebase.components:com.google.firebase.analytics.connector.internal.AnalyticsConnectorRegistrar"
138-->[com.google.android.gms:play-services-measurement-api:21.3.0] AndroidManifest.xml:32:17-139
139                android:value="com.google.firebase.components.ComponentRegistrar" />
139-->[com.google.android.gms:play-services-measurement-api:21.3.0] AndroidManifest.xml:33:17-82
140            <meta-data
140-->[com.google.firebase:firebase-installations:17.1.4] AndroidManifest.xml:15:13-17:85
141                android:name="com.google.firebase.components:com.google.firebase.installations.FirebaseInstallationsRegistrar"
141-->[com.google.firebase:firebase-installations:17.1.4] AndroidManifest.xml:16:17-127
142                android:value="com.google.firebase.components.ComponentRegistrar" />
142-->[com.google.firebase:firebase-installations:17.1.4] AndroidManifest.xml:17:17-82
143            <meta-data
143-->[com.google.firebase:firebase-datatransport:18.1.7] AndroidManifest.xml:27:13-29:85
144                android:name="com.google.firebase.components:com.google.firebase.datatransport.TransportRegistrar"
144-->[com.google.firebase:firebase-datatransport:18.1.7] AndroidManifest.xml:28:17-115
145                android:value="com.google.firebase.components.ComponentRegistrar" />
145-->[com.google.firebase:firebase-datatransport:18.1.7] AndroidManifest.xml:29:17-82
146        </service>
147        <service
147-->[:firebase_messaging] AndroidManifest.xml:16:9-19:72
148            android:name="io.flutter.plugins.firebase.messaging.FlutterFirebaseMessagingBackgroundService"
148-->[:firebase_messaging] AndroidManifest.xml:17:13-107
149            android:exported="false"
149-->[:firebase_messaging] AndroidManifest.xml:18:13-37
150            android:permission="android.permission.BIND_JOB_SERVICE" />
150-->[:firebase_messaging] AndroidManifest.xml:19:13-69
151        <service
151-->[:firebase_messaging] AndroidManifest.xml:20:9-26:19
152            android:name="io.flutter.plugins.firebase.messaging.FlutterFirebaseMessagingService"
152-->[:firebase_messaging] AndroidManifest.xml:21:13-97
153            android:exported="false" >
153-->[:firebase_messaging] AndroidManifest.xml:22:13-37
154            <intent-filter>
154-->[:firebase_messaging] AndroidManifest.xml:23:13-25:29
155                <action android:name="com.google.firebase.MESSAGING_EVENT" />
155-->[:firebase_messaging] AndroidManifest.xml:24:17-78
155-->[:firebase_messaging] AndroidManifest.xml:24:25-75
156            </intent-filter>
157        </service>
158
159        <receiver
159-->[:firebase_messaging] AndroidManifest.xml:28:9-35:20
160            android:name="io.flutter.plugins.firebase.messaging.FlutterFirebaseMessagingReceiver"
160-->[:firebase_messaging] AndroidManifest.xml:29:13-98
161            android:exported="true"
161-->[:firebase_messaging] AndroidManifest.xml:30:13-36
162            android:permission="com.google.android.c2dm.permission.SEND" >
162-->[:firebase_messaging] AndroidManifest.xml:31:13-73
163            <intent-filter>
163-->[:firebase_messaging] AndroidManifest.xml:32:13-34:29
164                <action android:name="com.google.android.c2dm.intent.RECEIVE" />
164-->[:firebase_messaging] AndroidManifest.xml:33:17-81
164-->[:firebase_messaging] AndroidManifest.xml:33:25-78
165            </intent-filter>
166        </receiver>
167
168        <provider
168-->[:firebase_messaging] AndroidManifest.xml:43:9-47:38
169            android:name="io.flutter.plugins.firebase.messaging.FlutterFirebaseMessagingInitProvider"
169-->[:firebase_messaging] AndroidManifest.xml:44:13-102
170            android:authorities="com.mia.smartgate.flutterfirebasemessaginginitprovider"
170-->[:firebase_messaging] AndroidManifest.xml:45:13-88
171            android:exported="false"
171-->[:firebase_messaging] AndroidManifest.xml:46:13-37
172            android:initOrder="99" />
172-->[:firebase_messaging] AndroidManifest.xml:47:13-35
173        <provider
173-->[:image_picker_android] AndroidManifest.xml:10:9-18:20
174            android:name="io.flutter.plugins.imagepicker.ImagePickerFileProvider"
174-->[:image_picker_android] AndroidManifest.xml:11:13-82
175            android:authorities="com.mia.smartgate.flutter.image_provider"
175-->[:image_picker_android] AndroidManifest.xml:12:13-74
176            android:exported="false"
176-->[:image_picker_android] AndroidManifest.xml:13:13-37
177            android:grantUriPermissions="true" >
177-->[:image_picker_android] AndroidManifest.xml:14:13-47
178            <meta-data
178-->[:image_picker_android] AndroidManifest.xml:15:13-17:75
179                android:name="android.support.FILE_PROVIDER_PATHS"
179-->[:image_picker_android] AndroidManifest.xml:16:17-67
180                android:resource="@xml/flutter_image_picker_file_paths" />
180-->[:image_picker_android] AndroidManifest.xml:17:17-72
181        </provider>
182
183        <receiver
183-->[:flutter_local_notifications] AndroidManifest.xml:16:9-18:40
184            android:name="com.dexterous.flutterlocalnotifications.ActionBroadcastReceiver"
184-->[:flutter_local_notifications] AndroidManifest.xml:17:13-91
185            android:exported="false" />
185-->[:flutter_local_notifications] AndroidManifest.xml:18:13-37
186        <receiver
186-->[:flutter_local_notifications] AndroidManifest.xml:19:9-21:40
187            android:name="com.dexterous.flutterlocalnotifications.ScheduledNotificationReceiver"
187-->[:flutter_local_notifications] AndroidManifest.xml:20:13-97
188            android:exported="false" />
188-->[:flutter_local_notifications] AndroidManifest.xml:21:13-37
189        <receiver
189-->[:flutter_local_notifications] AndroidManifest.xml:22:9-31:20
190            android:name="com.dexterous.flutterlocalnotifications.ScheduledNotificationBootReceiver"
190-->[:flutter_local_notifications] AndroidManifest.xml:23:13-101
191            android:exported="false" >
191-->[:flutter_local_notifications] AndroidManifest.xml:24:13-37
192            <intent-filter>
192-->[:flutter_local_notifications] AndroidManifest.xml:25:13-30:29
193                <action android:name="android.intent.action.BOOT_COMPLETED" />
193-->src/main/AndroidManifest.xml:51:16-78
193-->src/main/AndroidManifest.xml:51:24-75
194                <action android:name="android.intent.action.MY_PACKAGE_REPLACED" />
194-->[:flutter_local_notifications] AndroidManifest.xml:27:17-84
194-->[:flutter_local_notifications] AndroidManifest.xml:27:25-81
195                <action android:name="android.intent.action.QUICKBOOT_POWERON" />
195-->[:flutter_local_notifications] AndroidManifest.xml:28:17-82
195-->[:flutter_local_notifications] AndroidManifest.xml:28:25-79
196                <action android:name="com.htc.intent.action.QUICKBOOT_POWERON" />
196-->[:flutter_local_notifications] AndroidManifest.xml:29:17-82
196-->[:flutter_local_notifications] AndroidManifest.xml:29:25-79
197            </intent-filter>
198        </receiver>
199
200        <activity
200-->[:url_launcher_android] AndroidManifest.xml:10:9-13:74
201            android:name="io.flutter.plugins.urllauncher.WebViewActivity"
201-->[:url_launcher_android] AndroidManifest.xml:11:13-74
202            android:exported="false"
202-->[:url_launcher_android] AndroidManifest.xml:12:13-37
203            android:theme="@android:style/Theme.NoTitleBar.Fullscreen" />
203-->[:url_launcher_android] AndroidManifest.xml:13:13-71
204        <activity
204-->[com.google.android.gms:play-services-auth:20.4.0] AndroidManifest.xml:23:9-27:75
205            android:name="com.google.android.gms.auth.api.signin.internal.SignInHubActivity"
205-->[com.google.android.gms:play-services-auth:20.4.0] AndroidManifest.xml:24:13-93
206            android:excludeFromRecents="true"
206-->[com.google.android.gms:play-services-auth:20.4.0] AndroidManifest.xml:25:13-46
207            android:exported="false"
207-->[com.google.android.gms:play-services-auth:20.4.0] AndroidManifest.xml:26:13-37
208            android:theme="@android:style/Theme.Translucent.NoTitleBar" />
208-->[com.google.android.gms:play-services-auth:20.4.0] AndroidManifest.xml:27:13-72
209        <!--
210            Service handling Google Sign-In user revocation. For apps that do not integrate with
211            Google Sign-In, this service will never be started.
212        -->
213        <service
213-->[com.google.android.gms:play-services-auth:20.4.0] AndroidManifest.xml:33:9-37:51
214            android:name="com.google.android.gms.auth.api.signin.RevocationBoundService"
214-->[com.google.android.gms:play-services-auth:20.4.0] AndroidManifest.xml:34:13-89
215            android:exported="true"
215-->[com.google.android.gms:play-services-auth:20.4.0] AndroidManifest.xml:35:13-36
216            android:permission="com.google.android.gms.auth.api.signin.permission.REVOCATION_NOTIFICATION"
216-->[com.google.android.gms:play-services-auth:20.4.0] AndroidManifest.xml:36:13-107
217            android:visibleToInstantApps="true" />
217-->[com.google.android.gms:play-services-auth:20.4.0] AndroidManifest.xml:37:13-48
218
219        <activity
219-->[com.google.firebase:firebase-auth:22.1.2] AndroidManifest.xml:29:9-46:20
220            android:name="com.google.firebase.auth.internal.GenericIdpActivity"
220-->[com.google.firebase:firebase-auth:22.1.2] AndroidManifest.xml:30:13-80
221            android:excludeFromRecents="true"
221-->[com.google.firebase:firebase-auth:22.1.2] AndroidManifest.xml:31:13-46
222            android:exported="true"
222-->[com.google.firebase:firebase-auth:22.1.2] AndroidManifest.xml:32:13-36
223            android:launchMode="singleTask"
223-->[com.google.firebase:firebase-auth:22.1.2] AndroidManifest.xml:33:13-44
224            android:theme="@android:style/Theme.Translucent.NoTitleBar" >
224-->[com.google.firebase:firebase-auth:22.1.2] AndroidManifest.xml:34:13-72
225            <intent-filter>
225-->[com.google.firebase:firebase-auth:22.1.2] AndroidManifest.xml:35:13-45:29
226                <action android:name="android.intent.action.VIEW" />
226-->[com.google.firebase:firebase-auth:22.1.2] AndroidManifest.xml:36:17-69
226-->[com.google.firebase:firebase-auth:22.1.2] AndroidManifest.xml:36:25-66
227
228                <category android:name="android.intent.category.DEFAULT" />
228-->[com.google.firebase:firebase-auth:22.1.2] AndroidManifest.xml:38:17-76
228-->[com.google.firebase:firebase-auth:22.1.2] AndroidManifest.xml:38:27-73
229                <category android:name="android.intent.category.BROWSABLE" />
229-->[com.google.firebase:firebase-auth:22.1.2] AndroidManifest.xml:39:17-78
229-->[com.google.firebase:firebase-auth:22.1.2] AndroidManifest.xml:39:27-75
230
231                <data
231-->[com.google.firebase:firebase-auth:22.1.2] AndroidManifest.xml:41:17-44:51
232                    android:host="firebase.auth"
232-->[com.google.firebase:firebase-auth:22.1.2] AndroidManifest.xml:42:21-49
233                    android:path="/"
233-->[com.google.firebase:firebase-auth:22.1.2] AndroidManifest.xml:43:21-37
234                    android:scheme="genericidp" />
234-->[com.google.firebase:firebase-auth:22.1.2] AndroidManifest.xml:44:21-48
235            </intent-filter>
236        </activity>
237        <activity
237-->[com.google.firebase:firebase-auth:22.1.2] AndroidManifest.xml:47:9-64:20
238            android:name="com.google.firebase.auth.internal.RecaptchaActivity"
238-->[com.google.firebase:firebase-auth:22.1.2] AndroidManifest.xml:48:13-79
239            android:excludeFromRecents="true"
239-->[com.google.firebase:firebase-auth:22.1.2] AndroidManifest.xml:49:13-46
240            android:exported="true"
240-->[com.google.firebase:firebase-auth:22.1.2] AndroidManifest.xml:50:13-36
241            android:launchMode="singleTask"
241-->[com.google.firebase:firebase-auth:22.1.2] AndroidManifest.xml:51:13-44
242            android:theme="@android:style/Theme.Translucent.NoTitleBar" >
242-->[com.google.firebase:firebase-auth:22.1.2] AndroidManifest.xml:52:13-72
243            <intent-filter>
243-->[com.google.firebase:firebase-auth:22.1.2] AndroidManifest.xml:53:13-63:29
244                <action android:name="android.intent.action.VIEW" />
244-->[com.google.firebase:firebase-auth:22.1.2] AndroidManifest.xml:36:17-69
244-->[com.google.firebase:firebase-auth:22.1.2] AndroidManifest.xml:36:25-66
245
246                <category android:name="android.intent.category.DEFAULT" />
246-->[com.google.firebase:firebase-auth:22.1.2] AndroidManifest.xml:38:17-76
246-->[com.google.firebase:firebase-auth:22.1.2] AndroidManifest.xml:38:27-73
247                <category android:name="android.intent.category.BROWSABLE" />
247-->[com.google.firebase:firebase-auth:22.1.2] AndroidManifest.xml:39:17-78
247-->[com.google.firebase:firebase-auth:22.1.2] AndroidManifest.xml:39:27-75
248
249                <data
249-->[com.google.firebase:firebase-auth:22.1.2] AndroidManifest.xml:41:17-44:51
250                    android:host="firebase.auth"
250-->[com.google.firebase:firebase-auth:22.1.2] AndroidManifest.xml:42:21-49
251                    android:path="/"
251-->[com.google.firebase:firebase-auth:22.1.2] AndroidManifest.xml:43:21-37
252                    android:scheme="recaptcha" />
252-->[com.google.firebase:firebase-auth:22.1.2] AndroidManifest.xml:44:21-48
253            </intent-filter>
254        </activity>
255
256        <receiver
256-->[com.google.firebase:firebase-messaging:23.2.1] AndroidManifest.xml:29:9-36:20
257            android:name="com.google.firebase.iid.FirebaseInstanceIdReceiver"
257-->[com.google.firebase:firebase-messaging:23.2.1] AndroidManifest.xml:30:13-78
258            android:exported="true"
258-->[com.google.firebase:firebase-messaging:23.2.1] AndroidManifest.xml:31:13-36
259            android:permission="com.google.android.c2dm.permission.SEND" >
259-->[com.google.firebase:firebase-messaging:23.2.1] AndroidManifest.xml:32:13-73
260            <intent-filter>
260-->[:firebase_messaging] AndroidManifest.xml:32:13-34:29
261                <action android:name="com.google.android.c2dm.intent.RECEIVE" />
261-->[:firebase_messaging] AndroidManifest.xml:33:17-81
261-->[:firebase_messaging] AndroidManifest.xml:33:25-78
262            </intent-filter>
263        </receiver>
264        <!--
265             FirebaseMessagingService performs security checks at runtime,
266             but set to not exported to explicitly avoid allowing another app to call it.
267        -->
268        <service
268-->[com.google.firebase:firebase-messaging:23.2.1] AndroidManifest.xml:42:9-49:19
269            android:name="com.google.firebase.messaging.FirebaseMessagingService"
269-->[com.google.firebase:firebase-messaging:23.2.1] AndroidManifest.xml:43:13-82
270            android:directBootAware="true"
270-->[com.google.firebase:firebase-messaging:23.2.1] AndroidManifest.xml:44:13-43
271            android:exported="false" >
271-->[com.google.firebase:firebase-messaging:23.2.1] AndroidManifest.xml:45:13-37
272            <intent-filter android:priority="-500" >
272-->[:firebase_messaging] AndroidManifest.xml:23:13-25:29
273                <action android:name="com.google.firebase.MESSAGING_EVENT" />
273-->[:firebase_messaging] AndroidManifest.xml:24:17-78
273-->[:firebase_messaging] AndroidManifest.xml:24:25-75
274            </intent-filter>